2025-11-04T17:50:11.929+07:00  INFO 29799 --- [TrackerBackEnd] [main] c.a.t.TrackerBackEndApplication          : Starting TrackerBackEndApplication using Java 21.0.8 with PID 29799 (/Users/sothea007/Desktop/AIExpenseTrackerBackEnd/target/classes started by sothea007 in /Users/sothea007/Desktop/AIExpenseTrackerBackEnd)
2025-11-04T17:50:11.930+07:00  INFO 29799 --- [TrackerBackEnd] [main] c.a.t.TrackerBackEndApplication          : No active profile set, falling back to 1 default profile: "default"
2025-11-04T17:50:12.417+07:00  INFO 29799 --- [TrackerBackEnd] [main] .s.d.r.c.RepositoryConfigurationDelegate : Bootstrapping Spring Data JPA repositories in DEFAULT mode.
2025-11-04T17:50:12.446+07:00  INFO 29799 --- [TrackerBackEnd] [main] .s.d.r.c.RepositoryConfigurationDelegate : Finished Spring Data repository scanning in 24 ms. Found 3 JPA repository interfaces.
2025-11-04T17:50:12.739+07:00  INFO 29799 --- [TrackerBackEnd] [main] o.s.b.w.embedded.tomcat.TomcatWebServer  : Tomcat initialized with port 8080 (http)
2025-11-04T17:50:12.747+07:00  INFO 29799 --- [TrackerBackEnd] [main] o.apache.catalina.core.StandardService   : Starting service [Tomcat]
2025-11-04T17:50:12.747+07:00  INFO 29799 --- [TrackerBackEnd] [main] o.apache.catalina.core.StandardEngine    : Starting Servlet engine: [Apache Tomcat/10.1.44]
2025-11-04T17:50:12.776+07:00  INFO 29799 --- [TrackerBackEnd] [main] o.a.c.c.C.[Tomcat].[localhost].[/]       : Initializing Spring embedded WebApplicationContext
2025-11-04T17:50:12.776+07:00  INFO 29799 --- [TrackerBackEnd] [main] w.s.c.ServletWebServerApplicationContext : Root WebApplicationContext: initialization completed in 825 ms
2025-11-04T17:50:12.875+07:00  INFO 29799 --- [TrackerBackEnd] [main] com.zaxxer.hikari.HikariDataSource       : HikariPool-1 - Starting...
2025-11-04T17:50:12.987+07:00  INFO 29799 --- [TrackerBackEnd] [main] com.zaxxer.hikari.pool.HikariPool        : HikariPool-1 - Added connection org.postgresql.jdbc.PgConnection@7dd91ffc
2025-11-04T17:50:12.988+07:00  INFO 29799 --- [TrackerBackEnd] [main] com.zaxxer.hikari.HikariDataSource       : HikariPool-1 - Start completed.
2025-11-04T17:50:13.028+07:00  INFO 29799 --- [TrackerBackEnd] [main] o.hibernate.jpa.internal.util.LogHelper  : HHH000204: Processing PersistenceUnitInfo [name: default]
2025-11-04T17:50:13.056+07:00  INFO 29799 --- [TrackerBackEnd] [main] org.hibernate.Version                    : HHH000412: Hibernate ORM core version 6.6.26.Final
2025-11-04T17:50:13.070+07:00  INFO 29799 --- [TrackerBackEnd] [main] o.h.c.internal.RegionFactoryInitiator    : HHH000026: Second-level cache disabled
2025-11-04T17:50:13.187+07:00  INFO 29799 --- [TrackerBackEnd] [main] o.s.o.j.p.SpringPersistenceUnitInfo      : No LoadTimeWeaver setup: ignoring JPA class transformer
2025-11-04T17:50:13.231+07:00  INFO 29799 --- [TrackerBackEnd] [main] org.hibernate.orm.connections.pooling    : HHH10001005: Database info:
	Database JDBC URL [Connecting through datasource 'HikariDataSource (HikariPool-1)']
	Database driver: undefined/unknown
	Database version: 17.5
	Autocommit mode: undefined/unknown
	Isolation level: undefined/unknown
	Minimum pool size: undefined/unknown
	Maximum pool size: undefined/unknown
2025-11-04T17:50:13.602+07:00  INFO 29799 --- [TrackerBackEnd] [main] o.h.e.t.j.p.i.JtaPlatformInitiator       : HHH000489: No JTA platform available (set 'hibernate.transaction.jta.platform' to enable JTA platform integration)
2025-11-04T17:50:13.603+07:00  INFO 29799 --- [TrackerBackEnd] [main] j.LocalContainerEntityManagerFactoryBean : Initialized JPA EntityManagerFactory for persistence unit 'default'
2025-11-04T17:50:13.691+07:00  INFO 29799 --- [TrackerBackEnd] [main] o.s.d.j.r.query.QueryEnhancerFactory     : Hibernate is in classpath; If applicable, HQL parser will be used.
2025-11-04T17:50:13.990+07:00  INFO 29799 --- [TrackerBackEnd] [main] c.a.t.config.SecurityConfig              : Configuring BCryptPasswordEncoder bean.
2025-11-04T17:50:14.230+07:00  INFO 29799 --- [TrackerBackEnd] [main] c.a.t.config.SecurityConfig              : Configuring AuthenticationManager bean.
2025-11-04T17:50:14.235+07:00  INFO 29799 --- [TrackerBackEnd] [main] c.a.t.config.SecurityConfig              : Configuring DaoAuthenticationProvider bean.
2025-11-04T17:50:14.238+07:00  INFO 29799 --- [TrackerBackEnd] [main] c.a.t.config.SecurityConfig              : Configuring CustomUserDetailsService bean.
2025-11-04T17:50:14.239+07:00  INFO 29799 --- [TrackerBackEnd] [main] eAuthenticationProviderManagerConfigurer : Global AuthenticationManager configured with AuthenticationProvider bean with name authenticationProvider
2025-11-04T17:50:14.239+07:00  WARN 29799 --- [TrackerBackEnd] [main] r$InitializeUserDetailsManagerConfigurer : Global AuthenticationManager configured with an AuthenticationProvider bean. UserDetailsService beans will not be used by Spring Security for automatically configuring username/password login. Consider removing the AuthenticationProvider bean. Alternatively, consider using the UserDetailsService in a manually instantiated DaoAuthenticationProvider. If the current configuration is intentional, to turn off this warning, increase the logging level of 'org.springframework.security.config.annotation.authentication.configuration.InitializeUserDetailsBeanManagerConfigurer' to ERROR
2025-11-04T17:50:14.284+07:00  WARN 29799 --- [TrackerBackEnd] [main] JpaBaseConfiguration$JpaWebConfiguration : spring.jpa.open-in-view is enabled by default. Therefore, database queries may be performed during view rendering. Explicitly configure spring.jpa.open-in-view to disable this warning
2025-11-04T17:50:14.332+07:00  INFO 29799 --- [TrackerBackEnd] [main] c.a.t.config.SecurityConfig              : Configuring HTTP Security filters.
2025-11-04T17:50:14.460+07:00  INFO 29799 --- [TrackerBackEnd] [main] o.s.b.a.e.web.EndpointLinksResolver      : Exposing 1 endpoint beneath base path '/actuator'
2025-11-04T17:50:14.505+07:00  INFO 29799 --- [TrackerBackEnd] [main] c.a.t.config.SecurityConfig              : Configuring CORS Configuration.
2025-11-04T17:50:14.505+07:00  INFO 29799 --- [TrackerBackEnd] [main] c.a.t.config.SecurityConfig              : CORS Configuration successfully set.
2025-11-04T17:50:14.674+07:00  INFO 29799 --- [TrackerBackEnd] [main] o.s.b.w.embedded.tomcat.TomcatWebServer  : Tomcat started on port 8080 (http) with context path '/'
2025-11-04T17:50:14.688+07:00  INFO 29799 --- [TrackerBackEnd] [main] c.a.t.TrackerBackEndApplication          : Started TrackerBackEndApplication in 2.986 seconds (process running for 3.173)
2025-11-04T17:51:05.409+07:00  INFO 29799 --- [TrackerBackEnd] [http-nio-8080-exec-1] o.a.c.c.C.[Tomcat].[localhost].[/]       : Initializing Spring DispatcherServlet 'dispatcherServlet'
2025-11-04T17:51:05.410+07:00  INFO 29799 --- [TrackerBackEnd] [http-nio-8080-exec-1] o.s.web.servlet.DispatcherServlet        : Initializing Servlet 'dispatcherServlet'
2025-11-04T17:51:05.411+07:00  INFO 29799 --- [TrackerBackEnd] [http-nio-8080-exec-1] o.s.web.servlet.DispatcherServlet        : Completed initialization in 1 ms
2025-11-04T17:51:05.605+07:00  INFO 29799 --- [TrackerBackEnd] [http-nio-8080-exec-2] c.a.t.service.CustomUserDetailsService   : User found with email: sothea@example.com, Role: ROLE_CUSTOMER
2025-11-04T17:51:05.605+07:00  INFO 29799 --- [TrackerBackEnd] [http-nio-8080-exec-2] c.a.trackerbackend.config.UserPrincipal  : UserPrincipal created for user with email: sothea@example.com
2025-11-04T17:51:05.674+07:00  INFO 29799 --- [TrackerBackEnd] [http-nio-8080-exec-2] c.a.trackerbackend.config.UserPrincipal  : Retrieving authorities for user: sothea@example.com
2025-11-04T17:51:05.674+07:00  INFO 29799 --- [TrackerBackEnd] [http-nio-8080-exec-2] c.a.trackerbackend.config.UserPrincipal  : Assigned authority: ROLE_CUSTOMER
2025-11-04T17:51:05.789+07:00  INFO 29799 --- [TrackerBackEnd] [http-nio-8080-exec-7] c.a.t.service.CustomUserDetailsService   : User found with email: sothea@example.com, Role: ROLE_CUSTOMER
2025-11-04T17:51:05.789+07:00  INFO 29799 --- [TrackerBackEnd] [http-nio-8080-exec-7] c.a.trackerbackend.config.UserPrincipal  : UserPrincipal created for user with email: sothea@example.com
2025-11-04T17:51:05.789+07:00  INFO 29799 --- [TrackerBackEnd] [http-nio-8080-exec-7] c.a.trackerbackend.config.UserPrincipal  : Retrieving authorities for user: sothea@example.com
2025-11-04T17:51:05.789+07:00  INFO 29799 --- [TrackerBackEnd] [http-nio-8080-exec-7] c.a.trackerbackend.config.UserPrincipal  : Assigned authority: ROLE_CUSTOMER
2025-11-04T17:51:05.790+07:00  INFO 29799 --- [TrackerBackEnd] [http-nio-8080-exec-6] c.a.t.service.CustomUserDetailsService   : User found with email: sothea@example.com, Role: ROLE_CUSTOMER
2025-11-04T17:51:05.790+07:00  INFO 29799 --- [TrackerBackEnd] [http-nio-8080-exec-6] c.a.trackerbackend.config.UserPrincipal  : UserPrincipal created for user with email: sothea@example.com
2025-11-04T17:51:05.791+07:00  INFO 29799 --- [TrackerBackEnd] [http-nio-8080-exec-6] c.a.trackerbackend.config.UserPrincipal  : Retrieving authorities for user: sothea@example.com
2025-11-04T17:51:05.791+07:00  INFO 29799 --- [TrackerBackEnd] [http-nio-8080-exec-6] c.a.trackerbackend.config.UserPrincipal  : Assigned authority: ROLE_CUSTOMER
2025-11-04T17:51:05.816+07:00  INFO 29799 --- [TrackerBackEnd] [http-nio-8080-exec-8] c.a.t.service.CustomUserDetailsService   : User found with email: sothea@example.com, Role: ROLE_CUSTOMER
2025-11-04T17:51:05.816+07:00  INFO 29799 --- [TrackerBackEnd] [http-nio-8080-exec-8] c.a.trackerbackend.config.UserPrincipal  : UserPrincipal created for user with email: sothea@example.com
2025-11-04T17:51:05.816+07:00  INFO 29799 --- [TrackerBackEnd] [http-nio-8080-exec-8] c.a.trackerbackend.config.UserPrincipal  : Retrieving authorities for user: sothea@example.com
2025-11-04T17:51:05.816+07:00  INFO 29799 --- [TrackerBackEnd] [http-nio-8080-exec-8] c.a.trackerbackend.config.UserPrincipal  : Assigned authority: ROLE_CUSTOMER
2025-11-04T17:55:49.084+07:00  INFO 29799 --- [TrackerBackEnd] [SpringApplicationShutdownHook] o.s.b.w.e.tomcat.GracefulShutdown        : Commencing graceful shutdown. Waiting for active requests to complete
2025-11-04T17:55:49.093+07:00  INFO 29799 --- [TrackerBackEnd] [tomcat-shutdown] o.s.b.w.e.tomcat.GracefulShutdown        : Graceful shutdown complete
2025-11-04T17:55:49.101+07:00  INFO 29799 --- [TrackerBackEnd] [SpringApplicationShutdownHook] j.LocalContainerEntityManagerFactoryBean : Closing JPA EntityManagerFactory for persistence unit 'default'
2025-11-04T17:55:49.104+07:00  INFO 29799 --- [TrackerBackEnd] [SpringApplicationShutdownHook] com.zaxxer.hikari.HikariDataSource       : HikariPool-1 - Shutdown initiated...
2025-11-04T17:55:49.105+07:00  INFO 29799 --- [TrackerBackEnd] [SpringApplicationShutdownHook] com.zaxxer.hikari.HikariDataSource       : HikariPool-1 - Shutdown completed.
